<?xml version="1.0" encoding="UTF-8"?>
<testng-results ignored="0" total="2" passed="2" failed="0" skipped="0">
  <reporter-output>
  </reporter-output>
  <suite started-at="2023-02-15T22:33:48 IST" name="Default suite" finished-at="2023-02-15T22:33:50 IST" duration-ms="1650">
    <groups>
    </groups>
    <test started-at="2023-02-15T22:33:48 IST" name="Default test" finished-at="2023-02-15T22:33:50 IST" duration-ms="1650">
      <class name="Day4.ParsingResponse">
        <test-method signature="responseValidations()[pri:1, instance:Day4.ParsingResponse@53fdffa1]" started-at="2023-02-15T22:33:48 IST" name="responseValidations" finished-at="2023-02-15T22:33:50 IST" duration-ms="1569" status="PASS">
          <reporter-output>
          </reporter-output>
        </test-method> <!-- responseValidations -->
        <test-method signature="testJSONData()[pri:2, instance:Day4.ParsingResponse@53fdffa1]" started-at="2023-02-15T22:33:50 IST" name="testJSONData" finished-at="2023-02-15T22:33:50 IST" duration-ms="43" status="PASS">
          <reporter-output>
          </reporter-output>
        </test-method> <!-- testJSONData -->
      </class> <!-- Day4.ParsingResponse -->
    </test> <!-- Default test -->
  </suite> <!-- Default suite -->
</testng-results>
